23-12-28 17:20:39.842 - INFO:   name: PPON_x4
  use_tb_logger: False
  model: sr
  distortion: sr
  scale: 4
  gpu_ids: [0]
  network_G:[
    which_model_G: PPON
    scale: 4
  ]
  datasets:[
    train:[
      name: DIV2K
      mode: LQGT_rcan
      dataroot_GT: E:/datasets/DIV2K/DIV2K/DIV2K_train_HR
      dataroot_LQ: E:/datasets/DIV2K/DIV2K/DIV2K_train_LR_bicubic/X4
      use_shuffle: True
      n_workers: 0
      batch_size: 4
      GT_size: 128
      use_flip: True
      use_rot: True
      color: RGB
      phase: train
      scale: 4
      data_type: img
    ]
    val:[
      name: urban100
      mode: LQGT_rcan
      dataroot_GT: E:/datasets/Set5/HR
      dataroot_LQ: E:/datasets/Set5/LR_bicubic/x4
      phase: val
      scale: 4
      data_type: img
    ]
  ]
  path:[
    pretrain_model_G: None
    strict_load: True
    resume_state: None
    root: E:\github\PPON_X4
    experiments_root: E:\github\PPON_X4\experiments\PPON_x4
    models: E:\github\PPON_X4\experiments\PPON_x4\models
    training_state: E:\github\PPON_X4\experiments\PPON_x4\training_state
    log: E:\github\PPON_X4\experiments\PPON_x4
    val_images: E:\github\PPON_X4\experiments\PPON_x4\val_images
  ]
  train:[
    lr_G: 0.0001
    lr_scheme: CosineAnnealingLR_Restart
    beta1: 0.9
    beta2: 0.999
    niter: 1000000
    warmup_iter: -1
    T_period: [1000000]
    restarts: [1000000]
    restart_weights: [1]
    eta_min: 1e-07
    lr_gamma: 0.5
    clear_state: 1000000
    pixel_criterion: l2
    pixel_weight: 1.0
    manual_seed: 10
    val_freq: 50
  ]
  logger:[
    print_freq: 10
    save_checkpoint_freq: 5000
  ]
  is_train: True
  dist: False

23-12-28 17:20:39.842 - INFO: Random seed: 10
23-12-28 17:20:39.854 - INFO: Dataset [LQGTDataset_rcan - DIV2K] is created.
23-12-28 17:20:39.855 - INFO: Number of train images: 900, iters: 225
23-12-28 17:20:39.855 - INFO: Total epochs needed: 4445 for iters 1,000,000
23-12-28 17:20:39.855 - INFO: Dataset [LQGTDataset_rcan - urban100] is created.
23-12-28 17:20:39.856 - INFO: Number of val images in [urban100]: 5
23-12-28 17:20:41.260 - INFO: Model [SRModel] is created.
23-12-28 17:20:41.666 - INFO: Start training from epoch: 0, iter: 0
23-12-28 17:20:49.295 - INFO: [epoch:  0, iter:      10, lr:(1.000e-04,)] l_pix: 1.3206e+08 
23-12-28 17:20:53.715 - INFO: [epoch:  0, iter:      20, lr:(1.000e-04,)] l_pix: 5.2417e+07 
23-12-28 17:20:58.260 - INFO: [epoch:  0, iter:      30, lr:(1.000e-04,)] l_pix: 2.6580e+07 
23-12-28 17:21:02.893 - INFO: [epoch:  0, iter:      40, lr:(1.000e-04,)] l_pix: 1.6744e+07 
23-12-28 17:21:07.543 - INFO: [epoch:  0, iter:      50, lr:(1.000e-04,)] l_pix: 1.2047e+07 
23-12-28 17:21:10.799 - INFO: # Validation # PSNR: 2.9402e+00
23-12-28 17:21:21.994 - INFO: [epoch:  0, iter:      60, lr:(1.000e-04,)] l_pix: 1.2851e+07 
23-12-28 17:21:32.190 - INFO: [epoch:  0, iter:      70, lr:(1.000e-04,)] l_pix: 9.0304e+06 
23-12-28 17:21:42.217 - INFO: [epoch:  0, iter:      80, lr:(1.000e-04,)] l_pix: 8.2564e+06 
23-12-28 17:21:52.362 - INFO: [epoch:  0, iter:      90, lr:(1.000e-04,)] l_pix: 9.1612e+06 
23-12-28 17:22:02.300 - INFO: [epoch:  0, iter:     100, lr:(1.000e-04,)] l_pix: 1.2462e+07 
23-12-28 17:22:08.319 - INFO: # Validation # PSNR: 2.6496e+00
23-12-28 17:22:18.399 - INFO: [epoch:  0, iter:     110, lr:(1.000e-04,)] l_pix: 6.7149e+06 
23-12-28 17:22:28.574 - INFO: [epoch:  0, iter:     120, lr:(1.000e-04,)] l_pix: 6.9916e+06 
23-12-28 17:22:38.915 - INFO: [epoch:  0, iter:     130, lr:(1.000e-04,)] l_pix: 4.3814e+06 
23-12-28 17:22:49.098 - INFO: [epoch:  0, iter:     140, lr:(1.000e-04,)] l_pix: 6.9327e+06 
23-12-28 17:22:59.288 - INFO: [epoch:  0, iter:     150, lr:(1.000e-04,)] l_pix: 7.2858e+06 
23-12-28 17:23:05.217 - INFO: # Validation # PSNR: 2.8398e+00
23-12-28 17:23:15.400 - INFO: [epoch:  0, iter:     160, lr:(1.000e-04,)] l_pix: 8.5133e+06 
23-12-28 17:23:25.580 - INFO: [epoch:  0, iter:     170, lr:(1.000e-04,)] l_pix: 4.8649e+06 
23-12-28 17:23:35.795 - INFO: [epoch:  0, iter:     180, lr:(1.000e-04,)] l_pix: 5.1544e+06 
23-12-28 17:23:46.027 - INFO: [epoch:  0, iter:     190, lr:(1.000e-04,)] l_pix: 3.1211e+06 
23-12-28 17:23:56.415 - INFO: [epoch:  0, iter:     200, lr:(1.000e-04,)] l_pix: 4.7779e+06 
23-12-28 17:24:02.586 - INFO: # Validation # PSNR: 2.8311e+00
23-12-28 17:24:12.723 - INFO: [epoch:  0, iter:     210, lr:(1.000e-04,)] l_pix: 5.6045e+06 
23-12-28 17:24:23.402 - INFO: [epoch:  0, iter:     220, lr:(1.000e-04,)] l_pix: 3.6959e+06 
23-12-28 17:24:34.158 - INFO: [epoch:  1, iter:     230, lr:(1.000e-04,)] l_pix: 5.2887e+06 
23-12-28 17:24:45.658 - INFO: [epoch:  1, iter:     240, lr:(1.000e-04,)] l_pix: 5.1690e+06 
23-12-28 17:24:55.820 - INFO: [epoch:  1, iter:     250, lr:(1.000e-04,)] l_pix: 4.1306e+06 
23-12-28 17:25:02.124 - INFO: # Validation # PSNR: 2.9389e+00
23-12-28 17:25:15.117 - INFO: [epoch:  1, iter:     260, lr:(1.000e-04,)] l_pix: 2.9336e+06 
23-12-28 17:25:27.161 - INFO: [epoch:  1, iter:     270, lr:(1.000e-04,)] l_pix: 4.8017e+06 
23-12-28 17:25:37.625 - INFO: [epoch:  1, iter:     280, lr:(1.000e-04,)] l_pix: 4.8252e+06 
23-12-28 17:25:45.263 - INFO: [epoch:  1, iter:     290, lr:(1.000e-04,)] l_pix: 1.5581e+06 
23-12-28 17:25:51.983 - INFO: [epoch:  1, iter:     300, lr:(1.000e-04,)] l_pix: 4.2641e+06 
23-12-28 17:25:55.597 - INFO: # Validation # PSNR: 2.7657e+00
23-12-28 17:26:01.600 - INFO: [epoch:  1, iter:     310, lr:(1.000e-04,)] l_pix: 3.7035e+06 
23-12-28 17:26:07.251 - INFO: [epoch:  1, iter:     320, lr:(1.000e-04,)] l_pix: 1.8011e+06 
23-12-28 17:26:12.669 - INFO: [epoch:  1, iter:     330, lr:(1.000e-04,)] l_pix: 2.1083e+06 
23-12-28 17:26:18.171 - INFO: [epoch:  1, iter:     340, lr:(1.000e-04,)] l_pix: 2.5788e+06 
23-12-28 17:26:23.634 - INFO: [epoch:  1, iter:     350, lr:(1.000e-04,)] l_pix: 3.1948e+06 
23-12-28 17:26:26.713 - INFO: # Validation # PSNR: 3.2023e+00
23-12-28 17:26:32.322 - INFO: [epoch:  1, iter:     360, lr:(1.000e-04,)] l_pix: 1.1257e+06 
23-12-28 17:26:37.962 - INFO: [epoch:  1, iter:     370, lr:(1.000e-04,)] l_pix: 2.7588e+06 
23-12-28 17:26:43.593 - INFO: [epoch:  1, iter:     380, lr:(1.000e-04,)] l_pix: 3.1734e+06 
23-12-28 17:26:49.278 - INFO: [epoch:  1, iter:     390, lr:(1.000e-04,)] l_pix: 1.2587e+06 
23-12-28 17:26:55.266 - INFO: [epoch:  1, iter:     400, lr:(1.000e-04,)] l_pix: 2.3003e+06 
23-12-28 17:26:58.758 - INFO: # Validation # PSNR: 3.0847e+00
23-12-28 17:27:04.650 - INFO: [epoch:  1, iter:     410, lr:(1.000e-04,)] l_pix: 2.4132e+06 
23-12-28 17:27:10.412 - INFO: [epoch:  1, iter:     420, lr:(1.000e-04,)] l_pix: 2.4922e+06 
23-12-28 17:27:16.443 - INFO: [epoch:  1, iter:     430, lr:(1.000e-04,)] l_pix: 1.8522e+06 
23-12-28 17:27:22.397 - INFO: [epoch:  1, iter:     440, lr:(1.000e-04,)] l_pix: 1.7635e+06 
23-12-28 17:27:28.087 - INFO: [epoch:  1, iter:     450, lr:(1.000e-04,)] l_pix: 1.1667e+06 
23-12-28 17:27:31.686 - INFO: # Validation # PSNR: 3.0358e+00
23-12-28 17:27:38.454 - INFO: [epoch:  2, iter:     460, lr:(1.000e-04,)] l_pix: 1.4914e+06 
23-12-28 17:27:44.672 - INFO: [epoch:  2, iter:     470, lr:(1.000e-04,)] l_pix: 1.5436e+06 
23-12-28 17:27:50.877 - INFO: [epoch:  2, iter:     480, lr:(1.000e-04,)] l_pix: 7.2341e+05 
23-12-28 17:27:57.618 - INFO: [epoch:  2, iter:     490, lr:(1.000e-04,)] l_pix: 1.0297e+06 
23-12-28 17:28:03.992 - INFO: [epoch:  2, iter:     500, lr:(1.000e-04,)] l_pix: 1.6349e+06 
23-12-28 17:28:07.940 - INFO: # Validation # PSNR: 3.1846e+00
23-12-28 17:28:14.318 - INFO: [epoch:  2, iter:     510, lr:(1.000e-04,)] l_pix: 1.5166e+06 
23-12-28 17:28:20.883 - INFO: [epoch:  2, iter:     520, lr:(1.000e-04,)] l_pix: 1.4650e+06 
23-12-28 17:28:27.496 - INFO: [epoch:  2, iter:     530, lr:(1.000e-04,)] l_pix: 1.7708e+06 
23-12-28 17:28:34.175 - INFO: [epoch:  2, iter:     540, lr:(1.000e-04,)] l_pix: 1.1934e+06 
23-12-28 17:28:40.814 - INFO: [epoch:  2, iter:     550, lr:(1.000e-04,)] l_pix: 1.4577e+06 
23-12-28 17:28:44.813 - INFO: # Validation # PSNR: 3.1429e+00
23-12-28 17:28:51.718 - INFO: [epoch:  2, iter:     560, lr:(1.000e-04,)] l_pix: 5.9644e+05 
23-12-28 17:28:58.415 - INFO: [epoch:  2, iter:     570, lr:(1.000e-04,)] l_pix: 1.6111e+06 
23-12-28 17:29:05.304 - INFO: [epoch:  2, iter:     580, lr:(1.000e-04,)] l_pix: 8.3875e+05 
23-12-28 17:29:12.325 - INFO: [epoch:  2, iter:     590, lr:(1.000e-04,)] l_pix: 1.0130e+06 
23-12-28 17:29:19.411 - INFO: [epoch:  2, iter:     600, lr:(1.000e-04,)] l_pix: 2.3575e+06 
23-12-28 17:29:23.480 - INFO: # Validation # PSNR: 3.2596e+00
23-12-28 17:29:30.863 - INFO: [epoch:  2, iter:     610, lr:(1.000e-04,)] l_pix: 1.3118e+06 
23-12-28 17:29:38.075 - INFO: [epoch:  2, iter:     620, lr:(1.000e-04,)] l_pix: 1.0723e+06 
23-12-28 17:29:45.170 - INFO: [epoch:  2, iter:     630, lr:(1.000e-04,)] l_pix: 1.0733e+06 
23-12-28 17:29:52.410 - INFO: [epoch:  2, iter:     640, lr:(1.000e-04,)] l_pix: 1.3316e+06 
23-12-28 17:29:59.594 - INFO: [epoch:  2, iter:     650, lr:(1.000e-04,)] l_pix: 1.5257e+06 
23-12-28 17:30:03.895 - INFO: # Validation # PSNR: 3.1269e+00
23-12-28 17:30:11.761 - INFO: [epoch:  2, iter:     660, lr:(1.000e-04,)] l_pix: 9.0295e+05 
23-12-28 17:30:19.417 - INFO: [epoch:  2, iter:     670, lr:(1.000e-04,)] l_pix: 6.8691e+05 
23-12-28 17:30:27.271 - INFO: [epoch:  3, iter:     680, lr:(1.000e-04,)] l_pix: 6.1038e+05 
23-12-28 17:30:35.249 - INFO: [epoch:  3, iter:     690, lr:(1.000e-04,)] l_pix: 9.9546e+05 
23-12-28 17:30:43.541 - INFO: [epoch:  3, iter:     700, lr:(1.000e-04,)] l_pix: 1.4595e+06 
23-12-28 17:30:48.152 - INFO: # Validation # PSNR: 2.9659e+00
